Loading required package: dplyr

Attaching package: 'dplyr'

The following objects are masked from 'package:stats':

    filter, lag

The following objects are masked from 'package:base':

    intersect, setdiff, setequal, union

Loading required package: lubridate

Attaching package: 'lubridate'

The following objects are masked from 'package:base':

    date, intersect, setdiff, union

Error in file(filename, "r", encoding = encoding) : 
  cannot open the connection
Calls: ThirdStage_REddyProc -> source -> file
In addition: Warning message:
In file(filename, "r", encoding = encoding) :
  cannot open file 'p:/database/Calculation_Procedures/TraceAnalysis_ini/RBM/RBM_ThirdStage_ini.R': No such file or directory
Execution halted




=============================================================
Rscript:      C:\Program Files\R\R-4.2.1\bin\Rscript.exe
Start:        07-Nov-2022 15:08:46
End:          07-Nov-2022 15:08:49
Elapsed time:    0.0 min
==============================================================
